{
    "meta": {
        "version": "6.2",
        "timestamp": "2021-12-12T03:36:32.818430",
        "branch_coverage": false,
        "show_contexts": false
    },
    "files": {
        "WeatherReport\\__init__.py": {
            "executed_lines": [
                1
            ],
            "summary": {
                "covered_lines": 0,
                "num_statements": 0,
                "percent_covered": 100.0,
                "percent_covered_display": "100",
                "missing_lines": 0,
                "excluded_lines": 0
            },
            "missing_lines": [],
            "excluded_lines": []
        },
        "WeatherReport\\asgi.py": {
            "executed_lines": [],
            "summary": {
                "covered_lines": 0,
                "num_statements": 4,
                "percent_covered": 0.0,
                "percent_covered_display": "0",
                "missing_lines": 4,
                "excluded_lines": 0
            },
            "missing_lines": [
                10,
                12,
                14,
                16
            ],
            "excluded_lines": []
        },
        "WeatherReport\\settings.py": {
            "executed_lines": [
                1,
                13,
                14,
                17,
                24,
                27,
                29,
                34,
                44,
                54,
                56,
                72,
                78,
                89,
                108,
                110,
                112,
                114,
                116,
                122,
                124
            ],
            "summary": {
                "covered_lines": 20,
                "num_statements": 20,
                "percent_covered": 100.0,
                "percent_covered_display": "100",
                "missing_lines": 0,
                "excluded_lines": 0
            },
            "missing_lines": [],
            "excluded_lines": []
        },
        "WeatherReport\\urls.py": {
            "executed_lines": [
                1,
                16,
                17,
                19
            ],
            "summary": {
                "covered_lines": 3,
                "num_statements": 3,
                "percent_covered": 100.0,
                "percent_covered_display": "100",
                "missing_lines": 0,
                "excluded_lines": 0
            },
            "missing_lines": [],
            "excluded_lines": []
        },
        "WeatherReport\\wsgi.py": {
            "executed_lines": [],
            "summary": {
                "covered_lines": 0,
                "num_statements": 4,
                "percent_covered": 0.0,
                "percent_covered_display": "0",
                "missing_lines": 4,
                "excluded_lines": 0
            },
            "missing_lines": [
                10,
                12,
                14,
                16
            ],
            "excluded_lines": []
        },
        "manage.py": {
            "executed_lines": [
                2,
                3,
                4,
                7,
                9,
                10,
                11,
                18,
                21,
                22
            ],
            "summary": {
                "covered_lines": 10,
                "num_statements": 12,
                "percent_covered": 83.33333333333333,
                "percent_covered_display": "83",
                "missing_lines": 2,
                "excluded_lines": 0
            },
            "missing_lines": [
                12,
                13
            ],
            "excluded_lines": []
        },
        "weatherapp\\__init__.py": {
            "executed_lines": [
                1
            ],
            "summary": {
                "covered_lines": 0,
                "num_statements": 0,
                "percent_covered": 100.0,
                "percent_covered_display": "100",
                "missing_lines": 0,
                "excluded_lines": 0
            },
            "missing_lines": [],
            "excluded_lines": []
        },
        "weatherapp\\admin.py": {
            "executed_lines": [
                1
            ],
            "summary": {
                "covered_lines": 1,
                "num_statements": 1,
                "percent_covered": 100.0,
                "percent_covered_display": "100",
                "missing_lines": 0,
                "excluded_lines": 0
            },
            "missing_lines": [],
            "excluded_lines": []
        },
        "weatherapp\\apps.py": {
            "executed_lines": [],
            "summary": {
                "covered_lines": 0,
                "num_statements": 3,
                "percent_covered": 0.0,
                "percent_covered_display": "0",
                "missing_lines": 3,
                "excluded_lines": 0
            },
            "missing_lines": [
                1,
                4,
                5
            ],
            "excluded_lines": []
        },
        "weatherapp\\migrations\\0001_initial.py": {
            "executed_lines": [],
            "summary": {
                "covered_lines": 0,
                "num_statements": 5,
                "percent_covered": 0.0,
                "percent_covered_display": "0",
                "missing_lines": 5,
                "excluded_lines": 0
            },
            "missing_lines": [
                3,
                6,
                8,
                10,
                13
            ],
            "excluded_lines": []
        },
        "weatherapp\\migrations\\__init__.py": {
            "executed_lines": [
                1
            ],
            "summary": {
                "covered_lines": 0,
                "num_statements": 0,
                "percent_covered": 100.0,
                "percent_covered_display": "100",
                "missing_lines": 0,
                "excluded_lines": 0
            },
            "missing_lines": [],
            "excluded_lines": []
        },
        "weatherapp\\models.py": {
            "executed_lines": [
                1,
                5,
                6,
                7,
                8,
                9,
                10
            ],
            "summary": {
                "covered_lines": 7,
                "num_statements": 7,
                "percent_covered": 100.0,
                "percent_covered_display": "100",
                "missing_lines": 0,
                "excluded_lines": 0
            },
            "missing_lines": [],
            "excluded_lines": []
        },
        "weatherapp\\tests.py": {
            "executed_lines": [
                1
            ],
            "summary": {
                "covered_lines": 1,
                "num_statements": 1,
                "percent_covered": 100.0,
                "percent_covered_display": "100",
                "missing_lines": 0,
                "excluded_lines": 0
            },
            "missing_lines": [],
            "excluded_lines": []
        },
        "weatherapp\\urls.py": {
            "executed_lines": [
                1,
                16,
                17,
                18,
                20
            ],
            "summary": {
                "covered_lines": 4,
                "num_statements": 4,
                "percent_covered": 100.0,
                "percent_covered_display": "100",
                "missing_lines": 0,
                "excluded_lines": 0
            },
            "missing_lines": [],
            "excluded_lines": []
        },
        "weatherapp\\views.py": {
            "executed_lines": [
                1,
                2,
                3,
                4,
                5,
                8,
                9,
                11
            ],
            "summary": {
                "covered_lines": 8,
                "num_statements": 29,
                "percent_covered": 27.586206896551722,
                "percent_covered_display": "28",
                "missing_lines": 21,
                "excluded_lines": 0
            },
            "missing_lines": [
                12,
                13,
                14,
                15,
                16,
                17,
                18,
                19,
                20,
                21,
                22,
                23,
                24,
                26,
                27,
                29,
                36,
                37,
                38,
                41,
                43
            ],
            "excluded_lines": []
        }
    },
    "totals": {
        "covered_lines": 54,
        "num_statements": 93,
        "percent_covered": 58.064516129032256,
        "percent_covered_display": "58",
        "missing_lines": 39,
        "excluded_lines": 0
    }
}