{
    "meta": {
        "version": "6.2",
        "timestamp": "2021-12-12T03:24:46.913609",
        "branch_coverage": false,
        "show_contexts": false
    },
    "files": {
        "WeatherReport\\__init__.py": {
            "executed_lines": [
                1
            ],
            "summary": {
                "covered_lines": 0,
                "num_statements": 0,
                "percent_covered": 100.0,
                "percent_covered_display": "100",
                "missing_lines": 0,
                "excluded_lines": 0
            },
            "missing_lines": [],
            "excluded_lines": []
        },
        "WeatherReport\\settings.py": {
            "executed_lines": [
                1,
                13,
                14,
                17,
                24,
                27,
                29,
                34,
                44,
                54,
                56,
                72,
                78,
                89,
                108,
                110,
                112,
                114,
                116,
                122,
                124
            ],
            "summary": {
                "covered_lines": 20,
                "num_statements": 20,
                "percent_covered": 100.0,
                "percent_covered_display": "100",
                "missing_lines": 0,
                "excluded_lines": 0
            },
            "missing_lines": [],
            "excluded_lines": []
        },
        "manage.py": {
            "executed_lines": [
                2,
                3,
                4,
                7,
                9,
                10,
                11,
                18,
                21,
                22
            ],
            "summary": {
                "covered_lines": 10,
                "num_statements": 12,
                "percent_covered": 83.33333333333333,
                "percent_covered_display": "83",
                "missing_lines": 2,
                "excluded_lines": 0
            },
            "missing_lines": [
                12,
                13
            ],
            "excluded_lines": []
        },
        "weatherapp\\__init__.py": {
            "executed_lines": [
                1
            ],
            "summary": {
                "covered_lines": 0,
                "num_statements": 0,
                "percent_covered": 100.0,
                "percent_covered_display": "100",
                "missing_lines": 0,
                "excluded_lines": 0
            },
            "missing_lines": [],
            "excluded_lines": []
        },
        "weatherapp\\admin.py": {
            "executed_lines": [
                1
            ],
            "summary": {
                "covered_lines": 1,
                "num_statements": 1,
                "percent_covered": 100.0,
                "percent_covered_display": "100",
                "missing_lines": 0,
                "excluded_lines": 0
            },
            "missing_lines": [],
            "excluded_lines": []
        },
        "weatherapp\\models.py": {
            "executed_lines": [
                1,
                5,
                6,
                7,
                8,
                9,
                10
            ],
            "summary": {
                "covered_lines": 7,
                "num_statements": 7,
                "percent_covered": 100.0,
                "percent_covered_display": "100",
                "missing_lines": 0,
                "excluded_lines": 0
            },
            "missing_lines": [],
            "excluded_lines": []
        }
    },
    "totals": {
        "covered_lines": 38,
        "num_statements": 40,
        "percent_covered": 95.0,
        "percent_covered_display": "95",
        "missing_lines": 2,
        "excluded_lines": 0
    }
}